#
# There is insufficient memory for the Java Runtime Environment to continue.
# Native memory allocation (mmap) failed to map 134217728 bytes for G1 virtual space
# Possible reasons:
#   The system is out of physical RAM or swap space
#   The process is running with CompressedOops enabled, and the Java Heap may be blocking the growth of the native heap
# Possible solutions:
#   Reduce memory load on the system
#   Increase physical memory or swap space
#   Check if swap backing store is full
#   Decrease Java heap size (-Xmx/-Xms)
#   Decrease number of Java threads
#   Decrease Java thread stack sizes (-Xss)
#   Set larger code cache with -XX:ReservedCodeCacheSize=
#   JVM is running with Unscaled Compressed Oops mode in which the Java heap is
#     placed in the first 4GB address space. The Java Heap base address is the
#     maximum limit for the native heap growth. Please use -XX:HeapBaseMinAddress
#     to set the Java Heap base and to place the Java Heap above 4GB virtual address.
# This output file may be truncated or incomplete.
#
#  Out of Memory Error (os_windows.cpp:3600), pid=14108, tid=5220
#
# JRE version:  (21.0.2+13) (build )
# Java VM: Java HotSpot(TM) 64-Bit Server VM (21.0.2+13-LTS-58, mixed mode, sharing, tiered, compressed oops, compressed class ptrs, g1 gc, windows-amd64)
# No core dump will be written. Minidumps are not enabled by default on client versions of Windows
#

---------------  S U M M A R Y ------------

Command Line: -Dfile.encoding=UTF-8 --module-path=C:\Users\isaon\OneDrive\Documentos\NetBeansProjects\JogoCampoMinado\build\classes jogocampominado.JogoFrame

Host: Intel(R) Core(TM) i5-8265U CPU @ 1.60GHz, 8 cores, 7G,  Windows 11 , 64 bit Build 22621 (10.0.22621.3527)
Time: Sat May 25 18:57:07 2024 Hora oficial do Brasil elapsed time: 0.060669 seconds (0d 0h 0m 0s)

---------------  T H R E A D  ---------------

Current thread (0x000001ac1edea510):  JavaThread "Unknown thread" [_thread_in_vm, id=5220, stack(0x0000006b5a600000,0x0000006b5a700000) (1024K)]

Stack: [0x0000006b5a600000,0x0000006b5a700000]
Native frames: (J=compiled Java code, j=interpreted, Vv=VM code, C=native code)
V  [jvm.dll+0x6cade9]
V  [jvm.dll+0x8569c1]
V  [jvm.dll+0x858d2e]
V  [jvm.dll+0x859413]
V  [jvm.dll+0x280e56]
V  [jvm.dll+0x6c74d5]
V  [jvm.dll+0x6bbeca]
V  [jvm.dll+0x355bca]
V  [jvm.dll+0x35d816]
V  [jvm.dll+0x3ae67e]
V  [jvm.dll+0x3ae928]
V  [jvm.dll+0x3295dc]
V  [jvm.dll+0x32a16b]
V  [jvm.dll+0x81efa9]
V  [jvm.dll+0x3bba01]
V  [jvm.dll+0x807928]
V  [jvm.dll+0x44f50e]
V  [jvm.dll+0x450e11]
C  [jli.dll+0x52a3]
C  [ucrtbase.dll+0x29333]
C  [KERNEL32.DLL+0x1257d]
C  [ntdll.dll+0x5aa48]


---------------  P R O C E S S  ---------------

Threads class SMR info:
_java_thread_list=0x00007fffa7b9bb88, length=0, elements={
}

Java Threads: ( => current thread )
Total: 0

Other Threads:
  0x000001ac1f02b030 WorkerThread "GC Thread#0"                     [id=19532, stack(0x0000006b5a700000,0x0000006b5a800000) (1024K)]
  0x000001ac1f03bc50 ConcurrentGCThread "G1 Main Marker"            [id=6780, stack(0x0000006b5a800000,0x0000006b5a900000) (1024K)]
  0x000001ac1f03c750 WorkerThread "G1 Conc#0"                       [id=15884, stack(0x0000006b5a900000,0x0000006b5aa00000) (1024K)]

[error occurred during error reporting (printing all threads), id 0xc0000005, EXCEPTION_ACCESS_VIOLATION (0xc0000005) at pc=0x00007fffa730c6a7]
VM state: not at safepoint (not fully initialized)

VM Mutex/Monitor currently owned by a thread:  ([mutex/lock_event])
[0x00007fffa7c0ce68] Heap_lock - owner thread: 0x000001ac1edea510

Heap address: 0x0000000081e00000, size: 2018 MB, Compressed Oops mode: 32-bit

CDS archive(s) mapped at: [0x0000000000000000-0x0000000000000000-0x0000000000000000), size 0, SharedBaseAddress: 0x0000000800000000, ArchiveRelocationMode: 1.
Narrow klass base: 0x0000000000000000, Narrow klass shift: 0, Narrow klass range: 0x0

GC Precious Log:
 CardTable entry size: 512
 Card Set container configuration: InlinePtr #cards 5 size 8 Array Of Cards #cards 12 size 40 Howl #buckets 4 coarsen threshold 1843 Howl Bitmap #cards 512 size 80 coarsen threshold 460 Card regions per heap region 1 cards per card region 2048

Heap:
 garbage-first heap   total 0K, used 0K [0x0000000081e00000, 0x0000000100000000)
  region size 1024K, 0 young (0K), 0 survivors (0K)

[error occurred during error reporting (printing heap information), id 0xc0000005, EXCEPTION_ACCESS_VIOLATION (0xc0000005) at pc=0x00007fffa76f39f9]
GC Heap History (0 events):
No events

Dll operation events (1 events):
Event: 0.032 Loaded shared library C:\Program Files\Java\jdk-21\bin\java.dll

Deoptimization events (0 events):
No events

Classes loaded (0 events):
No events

Classes unloaded (0 events):
No events

Classes redefined (0 events):
No events

Internal exceptions (0 events):
No events

ZGC Phase Switch (0 events):
No events

VM Operations (0 events):
No events

Events (0 events):
No events


Dynamic libraries:
0x00007ff60c0e0000 - 0x00007ff60c0f0000 	C:\Program Files\Java\jdk-21\bin\java.exe
0x00007ff85a410000 - 0x00007ff85a627000 	C:\WINDOWS\SYSTEM32\ntdll.dll
0x00007ff858520000 - 0x00007ff8585e4000 	C:\WINDOWS\System32\KERNEL32.DLL
0x00007ff857a40000 - 0x00007ff857de7000 	C:\WINDOWS\System32\KERNELBASE.dll
0x00007ff8578a0000 - 0x00007ff8579b1000 	C:\WINDOWS\System32\ucrtbase.dll
0x00007ff838c40000 - 0x00007ff838c59000 	C:\Program Files\Java\jdk-21\bin\jli.dll
0x00007ff858c60000 - 0x00007ff858d12000 	C:\WINDOWS\System32\ADVAPI32.dll
0x00007ff858980000 - 0x00007ff858a27000 	C:\WINDOWS\System32\msvcrt.dll
0x00007ff858470000 - 0x00007ff858518000 	C:\WINDOWS\System32\sechost.dll
0x00007ff857df0000 - 0x00007ff857e18000 	C:\WINDOWS\System32\bcrypt.dll
0x00007ff8598d0000 - 0x00007ff8599e5000 	C:\WINDOWS\System32\RPCRT4.dll
0x00007ff858a30000 - 0x00007ff858bde000 	C:\WINDOWS\System32\USER32.dll
0x00007ff858110000 - 0x00007ff858136000 	C:\WINDOWS\System32\win32u.dll
0x00007ff858d20000 - 0x00007ff858d49000 	C:\WINDOWS\System32\GDI32.dll
0x00007ff846100000 - 0x00007ff84611b000 	C:\Program Files\Java\jdk-21\bin\VCRUNTIME140.dll
0x00007ff857ff0000 - 0x00007ff858109000 	C:\WINDOWS\System32\gdi32full.dll
0x00007ff857f50000 - 0x00007ff857fea000 	C:\WINDOWS\System32\msvcp_win.dll
0x00007ff84e5d0000 - 0x00007ff84e5da000 	C:\WINDOWS\SYSTEM32\VERSION.dll
0x00007ff83b330000 - 0x00007ff83b5c3000 	C:\WINDOWS\WinSxS\amd64_microsoft.windows.common-controls_6595b64144ccf1df_6.0.22621.3527_none_270e469b73872a76\COMCTL32.dll
0x00007ff858140000 - 0x00007ff858171000 	C:\WINDOWS\System32\IMM32.DLL
0x00007ff848c20000 - 0x00007ff848c2c000 	C:\Program Files\Java\jdk-21\bin\vcruntime140_1.dll
0x00007ff825ed0000 - 0x00007ff825f5e000 	C:\Program Files\Java\jdk-21\bin\msvcp140.dll
0x00007fffa6fd0000 - 0x00007fffa7ce7000 	C:\Program Files\Java\jdk-21\bin\server\jvm.dll
0x00007ff858d70000 - 0x00007ff858de1000 	C:\WINDOWS\System32\WS2_32.dll
0x00007ff8575f0000 - 0x00007ff85763d000 	C:\WINDOWS\SYSTEM32\POWRPROF.dll
0x00007ff84e5e0000 - 0x00007ff84e614000 	C:\WINDOWS\SYSTEM32\WINMM.dll
0x00007ff8575d0000 - 0x00007ff8575e3000 	C:\WINDOWS\SYSTEM32\UMPDC.dll
0x00007ff856710000 - 0x00007ff856728000 	C:\WINDOWS\SYSTEM32\kernel.appcore.dll
0x00007ff846bc0000 - 0x00007ff846bca000 	C:\Program Files\Java\jdk-21\bin\jimage.dll
0x00007ff854f40000 - 0x00007ff855172000 	C:\WINDOWS\SYSTEM32\DBGHELP.DLL
0x00007ff8585f0000 - 0x00007ff858978000 	C:\WINDOWS\System32\combase.dll
0x00007ff8581a0000 - 0x00007ff858277000 	C:\WINDOWS\System32\OLEAUT32.dll
0x00007ff84d6e0000 - 0x00007ff84d712000 	C:\WINDOWS\SYSTEM32\dbgcore.DLL
0x00007ff8579c0000 - 0x00007ff857a39000 	C:\WINDOWS\System32\bcryptPrimitives.dll
0x00007ff843ae0000 - 0x00007ff843aff000 	C:\Program Files\Java\jdk-21\bin\java.dll

dbghelp: loaded successfully - version: 4.0.5 - missing functions: none
symbol engine: initialized successfully - sym options: 0x614 - pdb path: .;C:\Program Files\Java\jdk-21\bin;C:\WINDOWS\SYSTEM32;C:\WINDOWS\WinSxS\amd64_microsoft.windows.common-controls_6595b64144ccf1df_6.0.22621.3527_none_270e469b73872a76;C:\Program Files\Java\jdk-21\bin\server

VM Arguments:
jvm_args: -Dfile.encoding=UTF-8 --module-path=C:\Users\isaon\OneDrive\Documentos\NetBeansProjects\JogoCampoMinado\build\classes 
java_command: jogocampominado.JogoFrame
java_class_path (initial): C:\Program Files\NetBeans-21\netbeans\java\modules\ext\AbsoluteLayout.jar;C:\Users\isaon\OneDrive\Documentos\NetBeansProjects\JogoCampoMinado\build\classes
Launcher Type: SUN_STANDARD

[Global flags]
     intx CICompilerCount                          = 4                                         {product} {ergonomic}
     uint ConcGCThreads                            = 2                                         {product} {ergonomic}
     uint G1ConcRefinementThreads                  = 8                                         {product} {ergonomic}
   size_t G1HeapRegionSize                         = 1048576                                   {product} {ergonomic}
    uintx GCDrainStackTargetSize                   = 64                                        {product} {ergonomic}
   size_t InitialHeapSize                          = 134217728                                 {product} {ergonomic}
   size_t MarkStackSize                            = 4194304                                   {product} {ergonomic}
   size_t MaxHeapSize                              = 2116026368                                {product} {ergonomic}
   size_t MinHeapDeltaBytes                        = 1048576                                   {product} {ergonomic}
   size_t MinHeapSize                              = 8388608                                   {product} {ergonomic}
    uintx NonNMethodCodeHeapSize                   = 5839372                                {pd product} {ergonomic}
    uintx NonProfiledCodeHeapSize                  = 122909434                              {pd product} {ergonomic}
    uintx ProfiledCodeHeapSize                     = 122909434                              {pd product} {ergonomic}
    uintx ReservedCodeCacheSize                    = 251658240                              {pd product} {ergonomic}
     bool SegmentedCodeCache                       = true                                      {product} {ergonomic}
   size_t SoftMaxHeapSize                          = 2116026368                             {manageable} {ergonomic}
     bool UseCompressedOops                        = true                           {product lp64_product} {ergonomic}
     bool UseG1GC                                  = true                                      {product} {ergonomic}
     bool UseLargePagesIndividualAllocation        = false                                  {pd product} {ergonomic}

Logging:
Log output configuration:
 #0: stdout all=warning uptime,level,tags foldmultilines=false
 #1: stderr all=off uptime,level,tags foldmultilines=false

Environment Variables:
PATH=C:\oraclexe\app\oracle\product\10.2.0\server\bin;C:\Program Files\Common Files\Oracle\Java\javapath;C:\Program Files (x86)\NVIDIA Corporation\PhysX\Common;C:\Program Files (x86)\Common Files\Oracle\Java\javapath;C:\WINDOWS\system32;C:\WINDOWS;C:\WINDOWS\System32\Wbem;C:\WINDOWS\System32\WindowsPowerShell\v1.0\;C:\WINDOWS\System32\OpenSSH\;C:\Program Files (x86)\GtkSharp\2.12\bin;C:\Program Files\dotnet\;C:\Program Files\Git\cmd;C:\Users\isaon\AppData\Roaming\nvm;C:\Program Files\nodejs;C:\Program Files\Docker\Docker\resources\bin;C:\Program Files\WireGuard\;C:\Users\isaon\AppData\Local\Microsoft\WindowsApps;C:\PATH;C:\Users\isaon\AppData\Local\Programs\MiKTeX\miktex\bin\x64\;C:\Users\isaon\.dotnet\tools;C:\Users\isaon\AppData\Local\Programs\Microsoft VS Code\bin;C:\Users\isaon\AppData\Roaming\nvm;C:\Program Files\nodejs;C:\MinGW\bin;
USERNAME=isaon
OS=Windows_NT
PROCESSOR_IDENTIFIER=Intel64 Family 6 Model 142 Stepping 12, GenuineIntel
TMP=C:\Users\isaon\AppData\Local\Temp
TEMP=C:\Users\isaon\AppData\Local\Temp




Periodic native trim disabled

---------------  S Y S T E M  ---------------

OS:
 Windows 11 , 64 bit Build 22621 (10.0.22621.3527)
OS uptime: 10 days 15:24 hours
Hyper-V role detected

CPU: total 8 (initial active 8) (4 cores per cpu, 2 threads per core) family 6 model 142 stepping 12 microcode 0xf8, cx8, cmov, fxsr, ht, mmx, 3dnowpref, sse, sse2, sse3, ssse3, sse4.1, sse4.2, popcnt, lzcnt, tsc, tscinvbit, avx, avx2, aes, erms, clmul, bmi1, bmi2, adx, fma, vzeroupper, clflush, clflushopt, hv, rdtscp, f16c
Processor Information for all 8 processors :
  Max Mhz: 1800, Current Mhz: 1600, Mhz Limit: 1584

Memory: 4k page, system-wide physical 8066M (154M free)
TotalPageFile size 32642M (AvailPageFile size 66M)
current process WorkingSet (physical memory assigned to process): 11M, peak: 11M
current process commit charge ("private bytes"): 60M, peak: 188M

vm_info: Java HotSpot(TM) 64-Bit Server VM (21.0.2+13-LTS-58) for windows-amd64 JRE (21.0.2+13-LTS-58), built on 2024-01-05T18:32:24Z by "mach5one" with MS VC++ 17.1 (VS2022)

END.
